\BOOKMARK [1][-]{section.1}{Introduction}{}% 1
\BOOKMARK [1][-]{section.2}{Related Works}{}% 2
\BOOKMARK [1][-]{section.3}{Proposed Method}{}% 3
\BOOKMARK [2][-]{subsection.3.1}{Dense trajectories}{section.3}% 4
\BOOKMARK [2][-]{subsection.3.2}{Proposed Method for Dense Trajectory-based Approach}{section.3}% 5
\BOOKMARK [2][-]{subsection.3.3}{Our framework overview}{section.3}% 6
\BOOKMARK [1][-]{section.4}{Experimental Settings}{}% 7
\BOOKMARK [2][-]{subsection.4.1}{Datasets}{section.4}% 8
\BOOKMARK [2][-]{subsection.4.2}{Evaluation Framework}{section.4}% 9
\BOOKMARK [1][-]{section.5}{Experiments}{}% 10
\BOOKMARK [2][-]{subsection.5.1}{MSR Action 3D Dataset}{section.5}% 11
\BOOKMARK [3][-]{subsubsection.5.1.1}{Recognize Actions from Single-View}{subsection.5.1}% 12
\BOOKMARK [3][-]{subsubsection.5.1.2}{Compensate Motion Information from Other Representations}{subsection.5.1}% 13
\BOOKMARK [2][-]{subsection.5.2}{MSR Gesture 3D Dataset}{section.5}% 14
\BOOKMARK [2][-]{subsection.5.3}{3D Action Pairs Dataset}{section.5}% 15
\BOOKMARK [1][-]{section.6}{Discussions}{}% 16
\BOOKMARK [2][-]{subsection.6.1}{The Impact of Our Method on Descriptors}{section.6}% 17
\BOOKMARK [2][-]{subsection.6.2}{The Role of Views}{section.6}% 18
\BOOKMARK [2][-]{subsection.6.3}{MSR Daily Activity 3D Dataset}{section.6}% 19
\BOOKMARK [2][-]{subsection.6.4}{Early versus Late Fusion in Our Approach}{section.6}% 20
\BOOKMARK [1][-]{section.7}{Conclusions}{}% 21
